<?xml version="1.0" encoding="UTF-8"?>
<testsuite xmlns:xsi="http://www.w3.org/2001/XMLSchema-instance" xsi:noNamespaceSchemaLocation="https://maven.apache.org/surefire/maven-surefire-plugin/xsd/surefire-test-report-3.0.xsd" version="3.0" name="es.iespuertodelacruz.jc.proyectobase.dao.LapizDAOTest" time="0.965" tests="4" errors="0" skipped="0" failures="0">
  <properties>
[...]
</properties>
  <testcase name="testFindById" classname="es.iespuertodelacruz.jc.proyectobase.dao.LapizDAOTest" time="0.115">
    <system-out><![CDATA[ -----------------------  antes BEFORE ALL ------------------------------
jdbc:h2:file:/tmp/oficina;DATABASE_TO_LOWER=TRUE;MODE=MYSQL;INIT=RUNSCRIPT FROM 'classpath:oficina.sql'
jdbc:h2:file:/tmp/oficina;DATABASE_TO_LOWER=TRUE;MODE=MYSQL
findbyid
]]></system-out>
  </testcase>
  <testcase name="testFindAll" classname="es.iespuertodelacruz.jc.proyectobase.dao.LapizDAOTest" time="0.035">
    <system-out><![CDATA[findAll
]]></system-out>
  </testcase>
  <testcase name="testSave" classname="es.iespuertodelacruz.jc.proyectobase.dao.LapizDAOTest" time="0.03">
    <system-out><![CDATA[save
]]></system-out>
  </testcase>
  <testcase name="testUpdate" classname="es.iespuertodelacruz.jc.proyectobase.dao.LapizDAOTest" time="0.11">
    <system-out><![CDATA[update
UPDATE lapices SET marca = ?, numero = ? WHERE idLapiz = ?;
[Lapiz{idLapiz=1, marca=staedtler, numero=2}, Lapiz{idLapiz=2, marca=alpino, numero=1}, Lapiz{idLapiz=3, marca=alpino, numero=3}, Lapiz{idLapiz=4, marca=staedtler, numero=1}, Lapiz{idLapiz=17, marca=mimarca, numero=4}, Lapiz{idLapiz=71, marca=LINO, numero=88}]
 recibido: Lapiz{idLapiz=71, marca=LINO, numero=88}
 para update teníamos: Lapiz{idLapiz=71, marca=LINO, numero=88}
]]></system-out>
  </testcase>
</testsuite>